{"/Users/kerrynordstrom/codefellows/401/labs/10-doubly-linked-lists-stacks-queues-binary-search/lab-kerry/model/doubly-linked-list.js": {"path":"/Users/kerrynordstrom/codefellows/401/labs/10-doubly-linked-lists-stacks-queues-binary-search/lab-kerry/model/doubly-linked-list.js","statementMap":{"0":{"start":{"line":6,"column":4},"end":{"line":6,"column":23}},"1":{"start":{"line":7,"column":4},"end":{"line":7,"column":21}},"2":{"start":{"line":8,"column":4},"end":{"line":8,"column":25}},"3":{"start":{"line":12,"column":4},"end":{"line":13,"column":78}},"4":{"start":{"line":13,"column":6},"end":{"line":13,"column":78}},"5":{"start":{"line":16,"column":4},"end":{"line":21,"column":29}},"6":{"start":{"line":17,"column":6},"end":{"line":17,"column":23}},"7":{"start":{"line":18,"column":6},"end":{"line":18,"column":27}},"8":{"start":{"line":21,"column":6},"end":{"line":21,"column":29}},"9":{"start":{"line":23,"column":4},"end":{"line":23,"column":16}},"10":{"start":{"line":27,"column":4},"end":{"line":28,"column":18}},"11":{"start":{"line":28,"column":6},"end":{"line":28,"column":18}},"12":{"start":{"line":29,"column":4},"end":{"line":32,"column":35}},"13":{"start":{"line":30,"column":6},"end":{"line":30,"column":18}},"14":{"start":{"line":32,"column":6},"end":{"line":32,"column":35}},"15":{"start":{"line":36,"column":4},"end":{"line":37,"column":78}},"16":{"start":{"line":37,"column":6},"end":{"line":37,"column":78}},"17":{"start":{"line":40,"column":4},"end":{"line":42,"column":5}},"18":{"start":{"line":41,"column":6},"end":{"line":41,"column":18}},"19":{"start":{"line":43,"column":4},"end":{"line":50,"column":29}},"20":{"start":{"line":44,"column":6},"end":{"line":44,"column":33}},"21":{"start":{"line":45,"column":6},"end":{"line":47,"column":7}},"22":{"start":{"line":46,"column":8},"end":{"line":46,"column":34}},"23":{"start":{"line":50,"column":6},"end":{"line":50,"column":29}},"24":{"start":{"line":52,"column":4},"end":{"line":52,"column":16}},"25":{"start":{"line":56,"column":0},"end":{"line":56,"column":34}}},"fnMap":{"0":{"name":"(anonymous_0)","decl":{"start":{"line":5,"column":2},"end":{"line":5,"column":3}},"loc":{"start":{"line":5,"column":21},"end":{"line":9,"column":3}},"line":5},"1":{"name":"(anonymous_1)","decl":{"start":{"line":11,"column":2},"end":{"line":11,"column":3}},"loc":{"start":{"line":11,"column":15},"end":{"line":24,"column":3}},"line":11},"2":{"name":"(anonymous_2)","decl":{"start":{"line":26,"column":2},"end":{"line":26,"column":3}},"loc":{"start":{"line":26,"column":14},"end":{"line":33,"column":3}},"line":26},"3":{"name":"(anonymous_3)","decl":{"start":{"line":35,"column":2},"end":{"line":35,"column":3}},"loc":{"start":{"line":35,"column":15},"end":{"line":53,"column":3}},"line":35}},"branchMap":{"0":{"loc":{"start":{"line":12,"column":4},"end":{"line":13,"column":78}},"type":"if","locations":[{"start":{"line":12,"column":4},"end":{"line":13,"column":78}},{"start":{"line":12,"column":4},"end":{"line":13,"column":78}}],"line":12},"1":{"loc":{"start":{"line":16,"column":4},"end":{"line":21,"column":29}},"type":"if","locations":[{"start":{"line":16,"column":4},"end":{"line":21,"column":29}},{"start":{"line":16,"column":4},"end":{"line":21,"column":29}}],"line":16},"2":{"loc":{"start":{"line":27,"column":4},"end":{"line":28,"column":18}},"type":"if","locations":[{"start":{"line":27,"column":4},"end":{"line":28,"column":18}},{"start":{"line":27,"column":4},"end":{"line":28,"column":18}}],"line":27},"3":{"loc":{"start":{"line":27,"column":8},"end":{"line":27,"column":50}},"type":"binary-expr","locations":[{"start":{"line":27,"column":8},"end":{"line":27,"column":26}},{"start":{"line":27,"column":30},"end":{"line":27,"column":50}}],"line":27},"4":{"loc":{"start":{"line":29,"column":4},"end":{"line":32,"column":35}},"type":"if","locations":[{"start":{"line":29,"column":4},"end":{"line":32,"column":35}},{"start":{"line":29,"column":4},"end":{"line":32,"column":35}}],"line":29},"5":{"loc":{"start":{"line":36,"column":4},"end":{"line":37,"column":78}},"type":"if","locations":[{"start":{"line":36,"column":4},"end":{"line":37,"column":78}},{"start":{"line":36,"column":4},"end":{"line":37,"column":78}}],"line":36},"6":{"loc":{"start":{"line":40,"column":4},"end":{"line":42,"column":5}},"type":"if","locations":[{"start":{"line":40,"column":4},"end":{"line":42,"column":5}},{"start":{"line":40,"column":4},"end":{"line":42,"column":5}}],"line":40},"7":{"loc":{"start":{"line":43,"column":4},"end":{"line":50,"column":29}},"type":"if","locations":[{"start":{"line":43,"column":4},"end":{"line":50,"column":29}},{"start":{"line":43,"column":4},"end":{"line":50,"column":29}}],"line":43},"8":{"loc":{"start":{"line":45,"column":6},"end":{"line":47,"column":7}},"type":"if","locations":[{"start":{"line":45,"column":6},"end":{"line":47,"column":7}},{"start":{"line":45,"column":6},"end":{"line":47,"column":7}}],"line":45}},"s":{"0":10,"1":10,"2":10,"3":9,"4":0,"5":9,"6":6,"7":6,"8":3,"9":9,"10":0,"11":0,"12":0,"13":0,"14":0,"15":2,"16":0,"17":2,"18":0,"19":2,"20":1,"21":1,"22":0,"23":1,"24":2,"25":1},"f":{"0":10,"1":9,"2":0,"3":2},"b":{"0":[0,9],"1":[6,3],"2":[0,0],"3":[0,0],"4":[0,0],"5":[0,2],"6":[0,2],"7":[1,1],"8":[0,1]},"_coverageSchema":"332fd63041d2c1bcb487cc26dd0d5f7d97098a6c","hash":"f04713e7576df8b5240a51628589b2605d970b07"}
,"/Users/kerrynordstrom/codefellows/401/labs/10-doubly-linked-lists-stacks-queues-binary-search/lab-kerry/model/stack.js": {"path":"/Users/kerrynordstrom/codefellows/401/labs/10-doubly-linked-lists-stacks-queues-binary-search/lab-kerry/model/stack.js","statementMap":{"0":{"start":{"line":3,"column":13},"end":{"line":3,"column":28}},"1":{"start":{"line":9,"column":4},"end":{"line":9,"column":21}},"2":{"start":{"line":10,"column":4},"end":{"line":10,"column":21}},"3":{"start":{"line":11,"column":4},"end":{"line":11,"column":23}},"4":{"start":{"line":15,"column":4},"end":{"line":15,"column":26}},"5":{"start":{"line":21,"column":17},"end":{"line":24,"column":5}},"6":{"start":{"line":27,"column":20},"end":{"line":27,"column":29}},"7":{"start":{"line":30,"column":4},"end":{"line":30,"column":21}},"8":{"start":{"line":33,"column":4},"end":{"line":33,"column":29}},"9":{"start":{"line":36,"column":4},"end":{"line":36,"column":21}},"10":{"start":{"line":39,"column":4},"end":{"line":43,"column":5}},"11":{"start":{"line":42,"column":6},"end":{"line":42,"column":28}},"12":{"start":{"line":49,"column":17},"end":{"line":52,"column":5}},"13":{"start":{"line":55,"column":4},"end":{"line":61,"column":5}},"14":{"start":{"line":57,"column":6},"end":{"line":57,"column":23}},"15":{"start":{"line":60,"column":6},"end":{"line":60,"column":28}},"16":{"start":{"line":63,"column":4},"end":{"line":63,"column":21}},"17":{"start":{"line":65,"column":4},"end":{"line":65,"column":21}},"18":{"start":{"line":70,"column":4},"end":{"line":82,"column":5}},"19":{"start":{"line":72,"column":6},"end":{"line":72,"column":33}},"20":{"start":{"line":75,"column":6},"end":{"line":75,"column":23}},"21":{"start":{"line":78,"column":6},"end":{"line":81,"column":7}},"22":{"start":{"line":80,"column":8},"end":{"line":80,"column":25}},"23":{"start":{"line":87,"column":4},"end":{"line":104,"column":5}},"24":{"start":{"line":89,"column":6},"end":{"line":103,"column":7}},"25":{"start":{"line":90,"column":8},"end":{"line":90,"column":25}},"26":{"start":{"line":91,"column":8},"end":{"line":91,"column":25}},"27":{"start":{"line":94,"column":26},"end":{"line":94,"column":35}},"28":{"start":{"line":96,"column":8},"end":{"line":98,"column":9}},"29":{"start":{"line":97,"column":10},"end":{"line":97,"column":41}},"30":{"start":{"line":100,"column":8},"end":{"line":100,"column":32}},"31":{"start":{"line":102,"column":8},"end":{"line":102,"column":32}},"32":{"start":{"line":108,"column":22},"end":{"line":108,"column":31}},"33":{"start":{"line":109,"column":4},"end":{"line":112,"column":5}},"34":{"start":{"line":110,"column":6},"end":{"line":110,"column":29}},"35":{"start":{"line":111,"column":6},"end":{"line":111,"column":37}},"36":{"start":{"line":121,"column":4},"end":{"line":121,"column":40}},"37":{"start":{"line":126,"column":4},"end":{"line":126,"column":42}},"38":{"start":{"line":131,"column":4},"end":{"line":133,"column":5}},"39":{"start":{"line":132,"column":6},"end":{"line":132,"column":13}},"40":{"start":{"line":135,"column":14},"end":{"line":135,"column":41}},"41":{"start":{"line":137,"column":4},"end":{"line":137,"column":39}},"42":{"start":{"line":139,"column":4},"end":{"line":139,"column":15}},"43":{"start":{"line":143,"column":4},"end":{"line":143,"column":43}},"44":{"start":{"line":143,"column":34},"end":{"line":143,"column":41}},"45":{"start":{"line":144,"column":4},"end":{"line":144,"column":39}},"46":{"start":{"line":148,"column":4},"end":{"line":148,"column":39}},"47":{"start":{"line":152,"column":4},"end":{"line":152,"column":42}},"48":{"start":{"line":155,"column":0},"end":{"line":155,"column":23}}},"fnMap":{"0":{"name":"(anonymous_0)","decl":{"start":{"line":8,"column":2},"end":{"line":8,"column":3}},"loc":{"start":{"line":8,"column":16},"end":{"line":12,"column":3}},"line":8},"1":{"name":"(anonymous_1)","decl":{"start":{"line":14,"column":2},"end":{"line":14,"column":3}},"loc":{"start":{"line":14,"column":19},"end":{"line":16,"column":3}},"line":14},"2":{"name":"(anonymous_2)","decl":{"start":{"line":19,"column":2},"end":{"line":19,"column":3}},"loc":{"start":{"line":19,"column":24},"end":{"line":44,"column":3}},"line":19},"3":{"name":"(anonymous_3)","decl":{"start":{"line":47,"column":2},"end":{"line":47,"column":3}},"loc":{"start":{"line":47,"column":23},"end":{"line":66,"column":3}},"line":47},"4":{"name":"(anonymous_4)","decl":{"start":{"line":68,"column":2},"end":{"line":68,"column":3}},"loc":{"start":{"line":68,"column":25},"end":{"line":83,"column":3}},"line":68},"5":{"name":"(anonymous_5)","decl":{"start":{"line":85,"column":2},"end":{"line":85,"column":3}},"loc":{"start":{"line":85,"column":24},"end":{"line":105,"column":3}},"line":85},"6":{"name":"(anonymous_6)","decl":{"start":{"line":107,"column":2},"end":{"line":107,"column":3}},"loc":{"start":{"line":107,"column":23},"end":{"line":113,"column":3}},"line":107},"7":{"name":"(anonymous_7)","decl":{"start":{"line":120,"column":2},"end":{"line":120,"column":3}},"loc":{"start":{"line":120,"column":16},"end":{"line":122,"column":3}},"line":120},"8":{"name":"(anonymous_8)","decl":{"start":{"line":124,"column":2},"end":{"line":124,"column":3}},"loc":{"start":{"line":124,"column":13},"end":{"line":127,"column":3}},"line":124},"9":{"name":"(anonymous_9)","decl":{"start":{"line":130,"column":2},"end":{"line":130,"column":3}},"loc":{"start":{"line":130,"column":8},"end":{"line":140,"column":3}},"line":130},"10":{"name":"(anonymous_10)","decl":{"start":{"line":142,"column":2},"end":{"line":142,"column":3}},"loc":{"start":{"line":142,"column":9},"end":{"line":145,"column":3}},"line":142},"11":{"name":"(anonymous_11)","decl":{"start":{"line":147,"column":2},"end":{"line":147,"column":3}},"loc":{"start":{"line":147,"column":19},"end":{"line":149,"column":3}},"line":147},"12":{"name":"(anonymous_12)","decl":{"start":{"line":151,"column":2},"end":{"line":151,"column":3}},"loc":{"start":{"line":151,"column":23},"end":{"line":153,"column":3}},"line":151}},"branchMap":{"0":{"loc":{"start":{"line":39,"column":4},"end":{"line":43,"column":5}},"type":"if","locations":[{"start":{"line":39,"column":4},"end":{"line":43,"column":5}},{"start":{"line":39,"column":4},"end":{"line":43,"column":5}}],"line":39},"1":{"loc":{"start":{"line":55,"column":4},"end":{"line":61,"column":5}},"type":"if","locations":[{"start":{"line":55,"column":4},"end":{"line":61,"column":5}},{"start":{"line":55,"column":4},"end":{"line":61,"column":5}}],"line":55},"2":{"loc":{"start":{"line":70,"column":4},"end":{"line":82,"column":5}},"type":"if","locations":[{"start":{"line":70,"column":4},"end":{"line":82,"column":5}},{"start":{"line":70,"column":4},"end":{"line":82,"column":5}}],"line":70},"3":{"loc":{"start":{"line":78,"column":6},"end":{"line":81,"column":7}},"type":"if","locations":[{"start":{"line":78,"column":6},"end":{"line":81,"column":7}},{"start":{"line":78,"column":6},"end":{"line":81,"column":7}}],"line":78},"4":{"loc":{"start":{"line":87,"column":4},"end":{"line":104,"column":5}},"type":"if","locations":[{"start":{"line":87,"column":4},"end":{"line":104,"column":5}},{"start":{"line":87,"column":4},"end":{"line":104,"column":5}}],"line":87},"5":{"loc":{"start":{"line":89,"column":6},"end":{"line":103,"column":7}},"type":"if","locations":[{"start":{"line":89,"column":6},"end":{"line":103,"column":7}},{"start":{"line":89,"column":6},"end":{"line":103,"column":7}}],"line":89},"6":{"loc":{"start":{"line":131,"column":4},"end":{"line":133,"column":5}},"type":"if","locations":[{"start":{"line":131,"column":4},"end":{"line":133,"column":5}},{"start":{"line":131,"column":4},"end":{"line":133,"column":5}}],"line":131},"7":{"loc":{"start":{"line":143,"column":4},"end":{"line":143,"column":43}},"type":"if","locations":[{"start":{"line":143,"column":4},"end":{"line":143,"column":43}},{"start":{"line":143,"column":4},"end":{"line":143,"column":43}}],"line":143}},"s":{"0":1,"1":1,"2":1,"3":1,"4":0,"5":1,"6":1,"7":1,"8":1,"9":1,"10":1,"11":1,"12":0,"13":0,"14":0,"15":0,"16":0,"17":0,"18":0,"19":0,"20":0,"21":0,"22":0,"23":0,"24":0,"25":0,"26":0,"27":0,"28":0,"29":0,"30":0,"31":0,"32":0,"33":0,"34":0,"35":0,"36":1,"37":1,"38":0,"39":0,"40":0,"41":0,"42":0,"43":0,"44":0,"45":0,"46":0,"47":0,"48":1},"f":{"0":1,"1":0,"2":1,"3":0,"4":0,"5":0,"6":0,"7":1,"8":1,"9":0,"10":0,"11":0,"12":0},"b":{"0":[1,0],"1":[0,0],"2":[0,0],"3":[0,0],"4":[0,0],"5":[0,0],"6":[0,0],"7":[0,0]},"_coverageSchema":"332fd63041d2c1bcb487cc26dd0d5f7d97098a6c","hash":"f12db296085fdd888150f7ba7ce5a02830735d43"}
}
