TN:
SF:/Users/kerrynordstrom/codefellows/401/labs/10-doubly-linked-lists-stacks-queues-binary-search/lab-kerry/model/doubly-linked-list.js
FN:5,(anonymous_0)
FN:11,(anonymous_1)
FN:26,(anonymous_2)
FN:35,(anonymous_3)
FNF:4
FNH:3
FNDA:10,(anonymous_0)
FNDA:9,(anonymous_1)
FNDA:0,(anonymous_2)
FNDA:2,(anonymous_3)
DA:6,10
DA:7,10
DA:8,10
DA:12,9
DA:13,0
DA:16,9
DA:17,6
DA:18,6
DA:21,3
DA:23,9
DA:27,0
DA:28,0
DA:29,0
DA:30,0
DA:32,0
DA:36,2
DA:37,0
DA:40,2
DA:41,0
DA:43,2
DA:44,1
DA:45,1
DA:46,0
DA:50,1
DA:52,2
DA:56,1
LF:26
LH:17
BRDA:12,0,0,0
BRDA:12,0,1,9
BRDA:16,1,0,6
BRDA:16,1,1,3
BRDA:27,2,0,0
BRDA:27,2,1,0
BRDA:27,3,0,0
BRDA:27,3,1,0
BRDA:29,4,0,0
BRDA:29,4,1,0
BRDA:36,5,0,0
BRDA:36,5,1,2
BRDA:40,6,0,0
BRDA:40,6,1,2
BRDA:43,7,0,1
BRDA:43,7,1,1
BRDA:45,8,0,0
BRDA:45,8,1,1
BRF:18
BRH:8
end_of_record
TN:
SF:/Users/kerrynordstrom/codefellows/401/labs/10-doubly-linked-lists-stacks-queues-binary-search/lab-kerry/model/stack.js
FN:8,(anonymous_0)
FN:14,(anonymous_1)
FN:19,(anonymous_2)
FN:47,(anonymous_3)
FN:68,(anonymous_4)
FN:85,(anonymous_5)
FN:107,(anonymous_6)
FN:120,(anonymous_7)
FN:124,(anonymous_8)
FN:130,(anonymous_9)
FN:142,(anonymous_10)
FN:147,(anonymous_11)
FN:151,(anonymous_12)
FNF:13
FNH:4
FNDA:1,(anonymous_0)
FNDA:0,(anonymous_1)
FNDA:1,(anonymous_2)
FNDA:0,(anonymous_3)
FNDA:0,(anonymous_4)
FNDA:0,(anonymous_5)
FNDA:0,(anonymous_6)
FNDA:1,(anonymous_7)
FNDA:1,(anonymous_8)
FNDA:0,(anonymous_9)
FNDA:0,(anonymous_10)
FNDA:0,(anonymous_11)
FNDA:0,(anonymous_12)
DA:3,1
DA:9,1
DA:10,1
DA:11,1
DA:15,0
DA:21,1
DA:27,1
DA:30,1
DA:33,1
DA:36,1
DA:39,1
DA:42,1
DA:49,0
DA:55,0
DA:57,0
DA:60,0
DA:63,0
DA:65,0
DA:70,0
DA:72,0
DA:75,0
DA:78,0
DA:80,0
DA:87,0
DA:89,0
DA:90,0
DA:91,0
DA:94,0
DA:96,0
DA:97,0
DA:100,0
DA:102,0
DA:108,0
DA:109,0
DA:110,0
DA:111,0
DA:121,1
DA:126,1
DA:131,0
DA:132,0
DA:135,0
DA:137,0
DA:139,0
DA:143,0
DA:144,0
DA:148,0
DA:152,0
DA:155,1
LF:48
LH:14
BRDA:39,0,0,1
BRDA:39,0,1,0
BRDA:55,1,0,0
BRDA:55,1,1,0
BRDA:70,2,0,0
BRDA:70,2,1,0
BRDA:78,3,0,0
BRDA:78,3,1,0
BRDA:87,4,0,0
BRDA:87,4,1,0
BRDA:89,5,0,0
BRDA:89,5,1,0
BRDA:131,6,0,0
BRDA:131,6,1,0
BRDA:143,7,0,0
BRDA:143,7,1,0
BRF:16
BRH:1
end_of_record
